<?xml version="1.0" encoding="UTF-8"?>
<testng-results ignored="0" total="1" passed="1" failed="0" skipped="0">
  <reporter-output>
  </reporter-output>
  <suite started-at="2023-01-03T21:34:04 IST" name="Default suite" finished-at="2023-01-03T21:34:27 IST" duration-ms="23519">
    <groups>
    </groups>
    <test started-at="2023-01-03T21:34:04 IST" name="Default test" finished-at="2023-01-03T21:34:27 IST" duration-ms="23519">
      <class name="com.DemoTestNG.com.FirstTestNGProgram">
        <test-method signature="VerifyHomePageTitle()[pri:0, instance:com.DemoTestNG.com.FirstTestNGProgram@15c43bd9]" started-at="2023-01-03T21:34:04 IST" name="VerifyHomePageTitle" finished-at="2023-01-03T21:34:27 IST" duration-ms="23456" status="PASS">
          <reporter-output>
          </reporter-output>
        </test-method> <!-- VerifyHomePageTitle -->
      </class> <!-- com.DemoTestNG.com.FirstTestNGProgram -->
    </test> <!-- Default test -->
  </suite> <!-- Default suite -->
</testng-results>
